4898 ./.git/hooks/pre-rebase.sample
3610 ./.git/hooks/update.sample
3327 ./.git/hooks/fsmonitor-watchman.sample
1638 ./.git/hooks/pre-commit.sample
1492 ./.git/hooks/prepare-commit-msg.sample
1348 ./.git/hooks/pre-push.sample
1071 ./LICENSE
896 ./.git/hooks/commit-msg.sample
854 ./.git/index
731 ./data/scan__2019-09-01__03:08:59.log
656 ./.git/objects/7b/a3c29cd9dcf3896ee5372b5e2d4130e33be828
565 ./lib/main.sh
544 ./.git/hooks/pre-receive.sample
521 ./lib/api/file-io.sh
517 ./.git/objects/7e/398c18e2724d80cc7099695e9e991c36bc79ad
478 ./.git/hooks/applypatch-msg.sample
430 ./lib/config.sh
424 ./.git/hooks/pre-applypatch.sample
325 ./.git/objects/a5/76e1cfb5152890d985e635cd0148ffe2279f64
319 ./.git/objects/14/eed6d498516f9a707695a0685179f23f099b75