4898 ./.git/hooks/pre-rebase.sample
3610 ./.git/hooks/update.sample
3327 ./.git/hooks/fsmonitor-watchman.sample
1638 ./.git/hooks/pre-commit.sample
1492 ./.git/hooks/prepare-commit-msg.sample
1348 ./.git/hooks/pre-push.sample
1341 ./.git/objects/pack/pack-20b3ba6d29dc6ab4ee8ccad801f54d93109550a2.pack
1184 ./.git/objects/pack/pack-20b3ba6d29dc6ab4ee8ccad801f54d93109550a2.idx
1071 ./LICENSE
896 ./.git/hooks/commit-msg.sample
755 ./data/logs/scan__2019-09-01__03:12:39.log
565 ./lib/main.sh
544 ./.git/hooks/pre-receive.sample
521 ./lib/api/file-io.sh
478 ./.git/hooks/applypatch-msg.sample
430 ./lib/config.sh
424 ./.git/hooks/pre-applypatch.sample
317 ./.git/config
240 ./.git/info/exclude
222 ./bash-example.sh